<?xml version="1.0" encoding="UTF-8"?>
<testsuite xmlns:xsi="http://www.w3.org/2001/XMLSchema-instance" xsi:noNamespaceSchemaLocation="https://maven.apache.org/surefire/maven-surefire-plugin/xsd/surefire-test-report.xsd" name="com.example.zhaoshichuan.ZhaoshichuanApplicationTests" time="4.87" tests="9" errors="0" skipped="0" failures="0">
  <properties>
[...]
</properties>
  <testcase name="testGenToken" classname="com.example.zhaoshichuan.ZhaoshichuanApplicationTests" time="0.79"/>
  <testcase name="testUpdateXml" classname="com.example.zhaoshichuan.ZhaoshichuanApplicationTests" time="0.448"/>
  <testcase name="testquery" classname="com.example.zhaoshichuan.ZhaoshichuanApplicationTests" time="0.033"/>
  <testcase name="testList" classname="com.example.zhaoshichuan.ZhaoshichuanApplicationTests" time="0.013"/>
  <testcase name="testUDeleteXml" classname="com.example.zhaoshichuan.ZhaoshichuanApplicationTests" time="0.006"/>
  <testcase name="testListXml" classname="com.example.zhaoshichuan.ZhaoshichuanApplicationTests" time="0.008"/>
  <testcase name="testDelete" classname="com.example.zhaoshichuan.ZhaoshichuanApplicationTests" time="0.005"/>
  <testcase name="testUpdate" classname="com.example.zhaoshichuan.ZhaoshichuanApplicationTests" time="0.011"/>
  <testcase name="testSelectById" classname="com.example.zhaoshichuan.ZhaoshichuanApplicationTests" time="0.006"/>
</testsuite>